[07/09/2018 - Mon - 21:15:09 Asia/Tehran +0430] - Login Was Successful for eilia
[07/09/2018 - Mon - 21:32:23 Asia/Tehran +0430] - Login Was Successful for eilia
[07/10/2018 - Tue - 12:56:35 Asia/Tehran +0430] - Authentication Failed for fd VIA Password-POSTValue(d)
[07/10/2018 - Tue - 12:57:02 Asia/Tehran +0430] - Login Was Successful for eilia
[07/10/2018 - Tue - 18:46:40 Asia/Tehran +0430] - Login Was Successful for eilia
[07/10/2018 - Tue - 18:47:02 Asia/Tehran +0430] - eilia Logged out FROM Application
[07/10/2018 - Tue - 18:47:11 Asia/Tehran +0430] - Authentication Failed for pewdiepie VIA Password-POSTValue(pewdiepie)
[07/10/2018 - Tue - 18:47:17 Asia/Tehran +0430] - Authentication Failed for pewdiepie VIA Password-POSTValue(pewdiepie)
[07/10/2018 - Tue - 18:47:21 Asia/Tehran +0430] - Authentication Failed for eilia VIA Password-POSTValue(eilai)
[07/10/2018 - Tue - 18:47:24 Asia/Tehran +0430] - Login Was Successful for eilia
[07/10/2018 - Tue - 18:48:15 Asia/Tehran +0430] - eilia Logged out FROM Application
[07/10/2018 - Tue - 18:48:21 Asia/Tehran +0430] - Login Was Successful for pewdiepie
[07/10/2018 - Tue - 19:36:54 Asia/Tehran +0430] - pewdiepie Logged out FROM Application
[07/10/2018 - Tue - 19:36:59 Asia/Tehran +0430] - Login Was Successful for eilia
[07/10/2018 - Tue - 19:39:34 Asia/Tehran +0430] - eilia Logged out FROM Application
[07/10/2018 - Tue - 19:39:40 Asia/Tehran +0430] - Authentication Failed for pewdiepie VIA Password-POSTValue(eilia)
[07/10/2018 - Tue - 19:39:48 Asia/Tehran +0430] - Authentication Failed for pewdiepie VIA Password-POSTValue(pewdieoie)
[07/10/2018 - Tue - 19:39:54 Asia/Tehran +0430] - Login Was Successful for pewdiepie
[07/10/2018 - Tue - 19:41:30 Asia/Tehran +0430] - pewdiepie Logged out FROM Application
[07/10/2018 - Tue - 19:41:33 Asia/Tehran +0430] - Login Was Successful for eilia
[07/10/2018 - Tue - 21:30:33 Asia/Tehran +0430] - Login Was Successful for eilia
[07/10/2018 - Tue - 21:32:24 Asia/Tehran +0430] - eilia Logged out FROM Application
[07/10/2018 - Tue - 21:33:10 Asia/Tehran +0430] - Login Was Successful for pewdiepie
[07/10/2018 - Tue - 21:33:50 Asia/Tehran +0430] - Login Was Successful for eilia
[07/10/2018 - Tue - 22:14:17 Asia/Tehran +0430] - pewdiepie Logged out FROM Application
[07/10/2018 - Tue - 22:14:32 Asia/Tehran +0430] - Login Was Successful for pewdiepie
[07/10/2018 - Tue - 22:16:22 Asia/Tehran +0430] - pewdiepie Logged out FROM Application
[07/10/2018 - Tue - 22:16:27 Asia/Tehran +0430] - Login Was Successful for eilia
[07/10/2018 - Tue - 22:17:57 Asia/Tehran +0430] - eilia Logged out FROM Application
[07/10/2018 - Tue - 22:18:02 Asia/Tehran +0430] - Authentication Failed for babak VIA Password-POSTValue(eilia)
[07/10/2018 - Tue - 22:18:06 Asia/Tehran +0430] - Authentication Failed for babak VIA Password-POSTValue(eilia)
[07/10/2018 - Tue - 22:18:10 Asia/Tehran +0430] - Login Was Successful for eilia
[07/10/2018 - Tue - 22:18:46 Asia/Tehran +0430] - eilia Logged out FROM Application
[07/10/2018 - Tue - 22:18:51 Asia/Tehran +0430] - Login Was Successful for babak
[07/10/2018 - Tue - 22:19:50 Asia/Tehran +0430] - babak Logged out FROM Application
[07/10/2018 - Tue - 22:20:00 Asia/Tehran +0430] - Login Was Successful for pewdiepie
[07/10/2018 - Tue - 22:21:28 Asia/Tehran +0430] - pewdiepie Logged out FROM Application
[07/10/2018 - Tue - 22:21:35 Asia/Tehran +0430] - Login Was Successful for babak
[07/10/2018 - Tue - 22:21:43 Asia/Tehran +0430] - babak Logged out FROM Application
[07/10/2018 - Tue - 22:21:47 Asia/Tehran +0430] - Login Was Successful for eilia
[07/10/2018 - Tue - 22:26:10 Asia/Tehran +0430] - eilia Logged out FROM Application
[07/10/2018 - Tue - 22:26:19 Asia/Tehran +0430] - Login Was Successful for eilia
[07/10/2018 - Tue - 22:34:56 Asia/Tehran +0430] - eilia Logged out FROM Application
[07/10/2018 - Tue - 22:35:03 Asia/Tehran +0430] - Login Was Successful for babak
[07/10/2018 - Tue - 22:36:46 Asia/Tehran +0430] - babak Logged out FROM Application
[07/10/2018 - Tue - 22:36:51 Asia/Tehran +0430] - Login Was Successful for eilia
[07/10/2018 - Tue - 22:39:44 Asia/Tehran +0430] - eilia Logged out FROM Application
[07/10/2018 - Tue - 22:46:44 Asia/Tehran +0430] - Login Was Successful for eilia
[07/10/2018 - Tue - 22:53:17 Asia/Tehran +0430] - Login Was Successful for eilia
[07/10/2018 - Tue - 22:53:36 Asia/Tehran +0430] - eilia Logged out FROM Application
[07/10/2018 - Tue - 22:59:28 Asia/Tehran +0430] - Login Was Successful for eilia
[07/10/2018 - Tue - 23:01:30 Asia/Tehran +0430] - eilia Logged out FROM Application
[07/11/2018 - Wed - 8:09:03 Asia/Tehran +0430] - Login Was Successful for eilia
[07/11/2018 - Wed - 8:09:32 Asia/Tehran +0430] - eilia Logged out FROM Application
[07/11/2018 - Wed - 8:09:38 Asia/Tehran +0430] - Login Was Successful for babak
[07/11/2018 - Wed - 8:09:56 Asia/Tehran +0430] - babak Logged out FROM Application
[07/11/2018 - Wed - 8:10:09 Asia/Tehran +0430] - Login Was Successful for pewdiepie
[07/11/2018 - Wed - 8:12:56 Asia/Tehran +0430] - pewdiepie Logged out FROM Application
[07/11/2018 - Wed - 9:05:45 Asia/Tehran +0430] - Login Was Successful for eilia
[07/11/2018 - Wed - 10:01:01 Asia/Tehran +0430] - eilia Logged out FROM Application
[07/11/2018 - Wed - 10:01:06 Asia/Tehran +0430] - Authentication Failed for admin VIA Password-POSTValue(admin)
[07/11/2018 - Wed - 10:01:09 Asia/Tehran +0430] - Authentication Failed for admin VIA Password-POSTValue(eilia)
[07/11/2018 - Wed - 10:01:15 Asia/Tehran +0430] - Login Was Successful for pewdiepie
[07/11/2018 - Wed - 10:04:21 Asia/Tehran +0430] - pewdiepie Logged out FROM Application
[07/11/2018 - Wed - 10:04:26 Asia/Tehran +0430] - Login Was Successful for eilia
[07/11/2018 - Wed - 10:33:57 Asia/Tehran +0430] - eilia Logged out FROM Application
[07/11/2018 - Wed - 10:34:11 Asia/Tehran +0430] - Login Was Successful for pewdiepie
[07/11/2018 - Wed - 10:35:08 Asia/Tehran +0430] - pewdiepie Logged out FROM Application
[07/11/2018 - Wed - 10:35:13 Asia/Tehran +0430] - Login Was Successful for eilia
[07/11/2018 - Wed - 10:36:23 Asia/Tehran +0430] - eilia Logged out FROM Application
[07/11/2018 - Wed - 10:36:30 Asia/Tehran +0430] - Login Was Successful for pewdiepie
[07/11/2018 - Wed - 10:36:33 Asia/Tehran +0430] - Login Was Successful for pewdiepie
[07/11/2018 - Wed - 11:05:40 Asia/Tehran +0430] - pewdiepie Logged out FROM Application
[07/11/2018 - Wed - 11:05:44 Asia/Tehran +0430] - Login Was Successful for eilia
[07/11/2018 - Wed - 11:20:32 Asia/Tehran +0430] - eilia Logged out FROM Application
[07/11/2018 - Wed - 11:20:38 Asia/Tehran +0430] - Login Was Successful for pewdiepie
[07/11/2018 - Wed - 11:22:37 Asia/Tehran +0430] - pewdiepie Logged out FROM Application
[07/11/2018 - Wed - 11:28:21 Asia/Tehran +0430] - Authentication Failed for pewdiepie VIA Password-POSTValue(pewdiepied)
[07/11/2018 - Wed - 11:28:27 Asia/Tehran +0430] - Login Was Successful for pewdiepie
[07/11/2018 - Wed - 11:34:13 Asia/Tehran +0430] - pewdiepie Logged out FROM Application
[07/11/2018 - Wed - 11:34:45 Asia/Tehran +0430] - Authentication Failed for pewdiepie VIA Password-POSTValue(pewdiepi)
[07/11/2018 - Wed - 11:34:53 Asia/Tehran +0430] - Login Was Successful for pewdiepie
[07/11/2018 - Wed - 11:35:10 Asia/Tehran +0430] - pewdiepie Logged out FROM Application
[07/11/2018 - Wed - 11:35:16 Asia/Tehran +0430] - Login Was Successful for babak
[07/11/2018 - Wed - 11:35:29 Asia/Tehran +0430] - babak Logged out FROM Application
[07/11/2018 - Wed - 11:35:33 Asia/Tehran +0430] - Login Was Successful for eilia
[07/11/2018 - Wed - 11:47:28 Asia/Tehran +0430] - eilia Logged out FROM Application
[07/11/2018 - Wed - 11:47:45 Asia/Tehran +0430] - Login Was Successful for pewdiepie
[07/11/2018 - Wed - 12:01:13 Asia/Tehran +0430] - pewdiepie Logged out FROM Application
[07/11/2018 - Wed - 12:01:29 Asia/Tehran +0430] - Login Was Successful for eilia
[07/11/2018 - Wed - 14:03:15 Asia/Tehran +0430] - Login Was Successful for eilia
[07/11/2018 - Wed - 14:43:40 Asia/Tehran +0430] - eilia Logged out FROM Application
[07/11/2018 - Wed - 14:43:49 Asia/Tehran +0430] - Login Was Successful for pewdiepie
[07/11/2018 - Wed - 14:44:39 Asia/Tehran +0430] - pewdiepie Logged out FROM Application
[07/11/2018 - Wed - 14:44:43 Asia/Tehran +0430] - Login Was Successful for eilia
[07/11/2018 - Wed - 14:54:27 Asia/Tehran +0430] - eilia Logged out FROM Application
[07/11/2018 - Wed - 14:54:44 Asia/Tehran +0430] - Login Was Successful for pewdiepie
[07/11/2018 - Wed - 14:55:25 Asia/Tehran +0430] - pewdiepie Logged out FROM Application
[07/11/2018 - Wed - 14:55:29 Asia/Tehran +0430] - Login Was Successful for eilia
[07/11/2018 - Wed - 14:55:55 Asia/Tehran +0430] - eilia Logged out FROM Application
[07/11/2018 - Wed - 14:56:52 Asia/Tehran +0430] - Login Was Successful for eilia
[07/11/2018 - Wed - 14:57:12 Asia/Tehran +0430] - eilia Logged out FROM Application
[07/11/2018 - Wed - 14:57:19 Asia/Tehran +0430] - Login Was Successful for pewdiepie
[07/11/2018 - Wed - 14:58:39 Asia/Tehran +0430] - pewdiepie Logged out FROM Application
[07/11/2018 - Wed - 14:58:55 Asia/Tehran +0430] - Login Was Successful for eilia
[07/12/2018 - Thu - 14:52:14 Asia/Tehran +0430] - Login Was Successful for eilia
[07/12/2018 - Thu - 14:57:08 Asia/Tehran +0430] - Authentication Failed for eilia VIA Password-POSTValue(eila)
[07/12/2018 - Thu - 14:57:11 Asia/Tehran +0430] - Login Was Successful for eilia
[07/12/2018 - Thu - 14:57:18 Asia/Tehran +0430] - eilia Logged out FROM Application
[07/12/2018 - Thu - 14:57:23 Asia/Tehran +0430] - Authentication Failed for pewdiepie VIA Password-POSTValue(epwdiepei)
[07/12/2018 - Thu - 14:57:28 Asia/Tehran +0430] - Authentication Failed for pewdiepie VIA Password-POSTValue(epwdiepie)
[07/12/2018 - Thu - 14:57:34 Asia/Tehran +0430] - Login Was Successful for pewdiepie
[07/12/2018 - Thu - 15:20:26 Asia/Tehran +0430] - pewdiepie Logged out FROM Application
[07/12/2018 - Thu - 15:20:30 Asia/Tehran +0430] - Login Was Successful for eilia
[07/12/2018 - Thu - 15:23:34 Asia/Tehran +0430] - eilia Logged out FROM Application
[07/12/2018 - Thu - 15:29:22 Asia/Tehran +0430] - Login Was Successful for eilia
[07/12/2018 - Thu - 15:32:44 Asia/Tehran +0430] - eilia Logged out FROM Application
[07/12/2018 - Thu - 18:25:57 Asia/Tehran +0430] - Login Was Successful for eilia
[07/12/2018 - Thu - 18:50:57 Asia/Tehran +0430] - eilia Logged out FROM Application
[07/13/2018 - Fri - 0:44:42 Asia/Tehran +0430] - Login Was Successful for eilia
[07/13/2018 - Fri - 0:51:15 Asia/Tehran +0430] - Login Was Successful for eilia
[07/13/2018 - Fri - 0:51:24 Asia/Tehran +0430] - eilia Logged out FROM Application
[07/13/2018 - Fri - 0:52:18 Asia/Tehran +0430] - Login Was Successful for redbolder
[07/13/2018 - Fri - 1:08:49 Asia/Tehran +0430] - redbolder Logged out FROM Application
[07/13/2018 - Fri - 1:08:54 Asia/Tehran +0430] - Login Was Successful for eilia
[07/13/2018 - Fri - 1:09:31 Asia/Tehran +0430] - eilia Logged out FROM Application
[07/13/2018 - Fri - 1:09:36 Asia/Tehran +0430] - Authentication Failed for redbolder VIA Password-POSTValue(eilia)
[07/13/2018 - Fri - 1:09:41 Asia/Tehran +0430] - Authentication Failed for redbolder VIA Password-POSTValue(eilia)
[07/13/2018 - Fri - 1:09:46 Asia/Tehran +0430] - Authentication Failed for redbolder VIA Password-POSTValue(eilia)
[07/13/2018 - Fri - 1:09:52 Asia/Tehran +0430] - Authentication Failed for redbolder VIA Password-POSTValue(eilia)
[07/13/2018 - Fri - 1:09:56 Asia/Tehran +0430] - Login Was Successful for eilia
[07/13/2018 - Fri - 1:10:21 Asia/Tehran +0430] - eilia Logged out FROM Application
[07/13/2018 - Fri - 1:10:31 Asia/Tehran +0430] - Authentication Failed for redbolder VIA Password-POSTValue(N70isbest)
[07/13/2018 - Fri - 1:10:50 Asia/Tehran +0430] - Login Was Successful for eilia
[07/13/2018 - Fri - 1:14:16 Asia/Tehran +0430] - eilia Logged out FROM Application
[07/13/2018 - Fri - 1:14:22 Asia/Tehran +0430] - Login Was Successful for redbolder
[07/13/2018 - Fri - 1:44:24 Asia/Tehran +0430] - Login Was Successful for eilia
[07/13/2018 - Fri - 1:44:28 Asia/Tehran +0430] - eilia Logged out FROM Application
[07/13/2018 - Fri - 1:44:38 Asia/Tehran +0430] - Login Was Successful for pewdiepie
[07/14/2018 - Sat - 13:34:55 Asia/Tehran +0430] - Login Was Successful for eilia
[07/14/2018 - Sat - 13:35:17 Asia/Tehran +0430] - eilia Logged out FROM Application
[07/14/2018 - Sat - 13:35:58 Asia/Tehran +0430] - Authentication Failed for redbolder VIA Password-POSTValue(redbolder)
[07/14/2018 - Sat - 13:36:03 Asia/Tehran +0430] - Authentication Failed for redbolder VIA Password-POSTValue(eilia)
[07/14/2018 - Sat - 13:36:06 Asia/Tehran +0430] - Login Was Successful for eilia
[07/14/2018 - Sat - 13:36:24 Asia/Tehran +0430] - eilia Logged out FROM Application
[07/14/2018 - Sat - 13:37:20 Asia/Tehran +0430] - Login Was Successful for redbolder
[07/14/2018 - Sat - 13:37:50 Asia/Tehran +0430] - redbolder Logged out FROM Application
[07/14/2018 - Sat - 13:38:00 Asia/Tehran +0430] - Login Was Successful for eilia
[07/14/2018 - Sat - 13:38:28 Asia/Tehran +0430] - Authentication Failed for eilia VIA Password-POSTValue(YareUloin?++8252)
[07/14/2018 - Sat - 13:38:38 Asia/Tehran +0430] - Login Was Successful for eilia
[07/14/2018 - Sat - 13:40:34 Asia/Tehran +0430] - Authentication Failed for redbolder VIA Password-POSTValue(JunkF--d?++)
[07/14/2018 - Sat - 14:00:04 Asia/Tehran +0430] - eilia Logged out FROM Application
[07/14/2018 - Sat - 14:08:41 Asia/Tehran +0430] - Authentication Failed for eilia VIA Password-POSTValue(eilia)
[07/14/2018 - Sat - 18:04:19 Asia/Tehran +0430] - Authentication Failed for user VIA Password-POSTValue(eilia)
[07/14/2018 - Sat - 18:04:59 Asia/Tehran +0430] - Login Was Successful for arasharash
[07/14/2018 - Sat - 18:12:19 Asia/Tehran +0430] - Login Was Successful for arasharash
[07/14/2018 - Sat - 19:39:26 Asia/Tehran +0430] - Authentication Failed for redbolder VIA Password-POSTValue(YareUlogin?++8252)
[07/14/2018 - Sat - 19:39:41 Asia/Tehran +0430] - Authentication Failed for redbolder VIA Password-POSTValue(YareUlogin?8252++)
[07/14/2018 - Sat - 19:40:09 Asia/Tehran +0430] - Authentication Failed for redbolder VIA Password-POSTValue(YareUlogin?++8252)
[07/14/2018 - Sat - 19:40:29 Asia/Tehran +0430] - Authentication Failed for eilia VIA Password-POSTValue(eilia)
[07/14/2018 - Sat - 19:40:36 Asia/Tehran +0430] - Authentication Failed for eilia VIA Password-POSTValue(eilia)
[07/14/2018 - Sat - 19:40:51 Asia/Tehran +0430] - Authentication Failed for eilia VIA Password-POSTValue(JunkF00d?++)
[07/14/2018 - Sat - 19:41:00 Asia/Tehran +0430] - Authentication Failed for eilia VIA Password-POSTValue(JunkF00d++)
[07/14/2018 - Sat - 19:41:13 Asia/Tehran +0430] - Authentication Failed for eilia VIA Password-POSTValue(YareUlogin?++)
[07/14/2018 - Sat - 19:42:25 Asia/Tehran +0430] - Login Was Successful for eilia
[07/14/2018 - Sat - 19:42:59 Asia/Tehran +0430] - eilia Logged out FROM Application
[07/14/2018 - Sat - 19:43:07 Asia/Tehran +0430] - Authentication Failed for redbolder VIA Password-POSTValue(Yareulogin)
[07/14/2018 - Sat - 19:43:16 Asia/Tehran +0430] - Login Was Successful for redbolder
[07/15/2018 - Sun - 2:03:24 Asia/Tehran +0430] - Login Was Successful for arasharash
[07/16/2018 - Mon - 22:53:10 Asia/Tehran +0430] - Authentication Failed for eilia VIA Password-POSTValue(eilia)
[07/16/2018 - Mon - 22:53:18 Asia/Tehran +0430] - Login Was Successful for eilia
[07/17/2018 - Tue - 2:22:01 Asia/Tehran +0430] - Authentication Failed for redbolder VIA Password-POSTValue(N70isbest)
[07/17/2018 - Tue - 2:22:08 Asia/Tehran +0430] - Login Was Successful for redbolder
[07/18/2018 - Wed - 17:14:43 Asia/Tehran +0430] - Authentication Failed for eilia VIA Password-POSTValue(YareUlgin)
[07/18/2018 - Wed - 17:14:48 Asia/Tehran +0430] - Login Was Successful for eilia
[07/18/2018 - Wed - 17:24:57 Asia/Tehran +0430] - eilia Logged out FROM Application
[07/18/2018 - Wed - 17:25:30 Asia/Tehran +0430] - Login Was Successful for redbolder
[07/18/2018 - Wed - 17:25:58 Asia/Tehran +0430] - redbolder Logged out FROM Application
[07/18/2018 - Wed - 17:26:03 Asia/Tehran +0430] - Login Was Successful for eilia
[07/18/2018 - Wed - 17:26:29 Asia/Tehran +0430] - eilia Logged out FROM Application
[07/18/2018 - Wed - 17:26:36 Asia/Tehran +0430] - Login Was Successful for redbolder
[07/18/2018 - Wed - 17:29:12 Asia/Tehran +0430] - redbolder Logged out FROM Application
[07/18/2018 - Wed - 17:29:37 Asia/Tehran +0430] - Login Was Successful for eilia
[07/18/2018 - Wed - 17:30:48 Asia/Tehran +0430] - eilia Logged out FROM Application
[07/18/2018 - Wed - 17:30:55 Asia/Tehran +0430] - Login Was Successful for redbolder
[07/18/2018 - Wed - 17:39:57 Asia/Tehran +0430] - redbolder Logged out FROM Application
[07/18/2018 - Wed - 17:40:04 Asia/Tehran +0430] - Login Was Successful for eilia
[07/18/2018 - Wed - 17:41:16 Asia/Tehran +0430] - eilia Logged out FROM Application
[07/18/2018 - Wed - 17:41:22 Asia/Tehran +0430] - Login Was Successful for redbolder
[07/18/2018 - Wed - 17:43:55 Asia/Tehran +0430] - redbolder Logged out FROM Application
[07/18/2018 - Wed - 17:44:01 Asia/Tehran +0430] - Login Was Successful for eilia
[07/18/2018 - Wed - 18:18:39 Asia/Tehran +0430] - eilia Logged out FROM Application
[07/21/2018 - Sat - 0:16:52 Asia/Tehran +0430] - Login Was Successful for eilia
[07/22/2018 - Sun - 20:51:30 Asia/Tehran +0430] - Authentication Failed for eilia VIA Password-POSTValue(YareUlogin)
[07/22/2018 - Sun - 20:52:04 Asia/Tehran +0430] - Authentication Failed for eilia VIA Password-POSTValue(YareUlogin)
[07/22/2018 - Sun - 20:52:29 Asia/Tehran +0430] - Login Was Successful for eilia
[07/22/2018 - Sun - 22:30:57 Asia/Tehran +0430] - eilia Logged out FROM Application
[07/22/2018 - Sun - 22:31:33 Asia/Tehran +0430] - Authentication Failed for pewdiepie VIA Password-POSTValue(eilia)
[07/22/2018 - Sun - 22:32:00 Asia/Tehran +0430] - Login Was Successful for pewdiepie
[07/22/2018 - Sun - 22:33:14 Asia/Tehran +0430] - pewdiepie Logged out FROM Application
[07/22/2018 - Sun - 22:33:39 Asia/Tehran +0430] - Login Was Successful for eilia
[07/22/2018 - Sun - 23:58:41 Asia/Tehran +0430] - eilia Logged out FROM Application
[07/22/2018 - Sun - 23:59:11 Asia/Tehran +0430] - Login Was Successful for pewdiepie
[07/22/2018 - Sun - 23:59:40 Asia/Tehran +0430] - pewdiepie Logged out FROM Application
[07/23/2018 - Mon - 0:00:05 Asia/Tehran +0430] - Login Was Successful for eilia
[07/23/2018 - Mon - 0:02:11 Asia/Tehran +0430] - eilia Logged out FROM Application
[07/23/2018 - Mon - 0:02:47 Asia/Tehran +0430] - Login Was Successful for pewdiepie
[07/23/2018 - Mon - 0:02:47 Asia/Tehran +0430] - Login Was Successful for pewdiepie
[07/23/2018 - Mon - 0:02:48 Asia/Tehran +0430] - Login Was Successful for pewdiepie
[07/23/2018 - Mon - 0:02:48 Asia/Tehran +0430] - Login Was Successful for pewdiepie
[07/23/2018 - Mon - 0:03:05 Asia/Tehran +0430] - pewdiepie Logged out FROM Application
[07/23/2018 - Mon - 0:03:14 Asia/Tehran +0430] - Login Was Successful for eilia
[07/23/2018 - Mon - 2:14:33 Asia/Tehran +0430] - eilia Logged out FROM Application
[07/23/2018 - Mon - 10:10:21 Asia/Tehran +0430] - Authentication Failed for eilia VIA Password-POSTValue(YareUlogin)
[07/23/2018 - Mon - 10:23:36 Asia/Tehran +0430] - Login Was Successful for eilia
[07/23/2018 - Mon - 10:23:42 Asia/Tehran +0430] - eilia Logged out FROM Application
[07/23/2018 - Mon - 10:23:47 Asia/Tehran +0430] - Login Was Successful for eilia
[07/23/2018 - Mon - 10:25:06 Asia/Tehran +0430] - eilia Logged out FROM Application
[07/23/2018 - Mon - 10:25:11 Asia/Tehran +0430] - Login Was Successful for eilia
[07/23/2018 - Mon - 10:25:36 Asia/Tehran +0430] - eilia Logged out FROM Application
[07/23/2018 - Mon - 13:24:48 Asia/Tehran +0430] - Login Was Successful for eilia
[07/23/2018 - Mon - 16:50:36 Asia/Tehran +0430] - Login Was Successful for eilia
[07/25/2018 - Wed - 16:04:13 Asia/Tehran +0430] - Authentication Failed for Eilia
[07/25/2018 - Wed - 16:04:27 Asia/Tehran +0430] - Authentication Failed for eilia
[07/25/2018 - Wed - 16:04:45 Asia/Tehran +0430] - Authentication Failed for Eilia
[07/25/2018 - Wed - 16:04:53 Asia/Tehran +0430] - Login Was Successful for eilia
[07/29/2018 - Sun - 9:59:38 Asia/Tehran +0430] - Login Was Successful for eilia
[07/29/2018 - Sun - 10:00:22 Asia/Tehran +0430] - eilia Logged out FROM Application
[07/29/2018 - Sun - 10:00:30 Asia/Tehran +0430] - Login Was Successful for admin
[07/29/2018 - Sun - 10:01:01 Asia/Tehran +0430] - admin Logged out FROM Application
[07/29/2018 - Sun - 10:01:09 Asia/Tehran +0430] - Login Was Successful for eilia
[07/29/2018 - Sun - 10:01:34 Asia/Tehran +0430] - eilia Logged out FROM Application
[07/29/2018 - Sun - 10:01:41 Asia/Tehran +0430] - Login Was Successful for admin
[07/29/2018 - Sun - 10:02:01 Asia/Tehran +0430] - admin Logged out FROM Application
[07/29/2018 - Sun - 10:02:11 Asia/Tehran +0430] - Login Was Successful for eilia
[07/29/2018 - Sun - 10:02:32 Asia/Tehran +0430] - eilia Logged out FROM Application
[08/02/2018 - Thu - 13:37:51 Asia/Tehran +0430] - Authentication Failed for Dikckshchwhxhajchw
[08/02/2018 - Thu - 13:38:01 Asia/Tehran +0430] - Authentication Failed for Eilia
[08/02/2018 - Thu - 13:38:09 Asia/Tehran +0430] - Login Was Successful for Eilia
[08/02/2018 - Thu - 13:39:04 Asia/Tehran +0430] - Eilia Logged out FROM Application
[08/05/2018 - Sun - 17:56:19 Asia/Tehran +0430] - Login Was Successful for eilia
[08/05/2018 - Sun - 17:56:21 Asia/Tehran +0430] - Login Was Successful for eilia
[08/05/2018 - Sun - 17:56:25 Asia/Tehran +0430] - eilia Logged out FROM Application
[08/05/2018 - Sun - 17:56:26 Asia/Tehran +0430] - Authentication Failed for ffqbjdrf
[08/05/2018 - Sun - 17:56:27 Asia/Tehran +0430] - Login Was Successful for eilia
[08/05/2018 - Sun - 17:57:17 Asia/Tehran +0430] - Authentication Failed for eilia
[08/05/2018 - Sun - 17:57:33 Asia/Tehran +0430] - Authentication Failed for eilia
[08/05/2018 - Sun - 17:57:37 Asia/Tehran +0430] - Authentication Failed for eilia
[08/05/2018 - Sun - 17:57:42 Asia/Tehran +0430] - Authentication Failed for eilia
[08/05/2018 - Sun - 17:58:24 Asia/Tehran +0430] - Authentication Failed for eilia
[08/05/2018 - Sun - 18:09:08 Asia/Tehran +0430] - Authentication Failed for eilia
[08/07/2018 - Tue - 12:33:55 Asia/Tehran +0430] - Authentication Failed for eilia
[08/07/2018 - Tue - 12:34:01 Asia/Tehran +0430] - Authentication Failed for eilia
[08/07/2018 - Tue - 12:34:07 Asia/Tehran +0430] - Authentication Failed for eilia
[08/07/2018 - Tue - 12:34:14 Asia/Tehran +0430] - Authentication Failed for eilia
[08/07/2018 - Tue - 12:37:11 Asia/Tehran +0430] - Authentication Failed for redbolder
[08/07/2018 - Tue - 12:37:30 Asia/Tehran +0430] - Authentication Failed for redbolder
[08/07/2018 - Tue - 12:37:37 Asia/Tehran +0430] - Authentication Failed for redbolder
[08/07/2018 - Tue - 12:37:44 Asia/Tehran +0430] - Authentication Failed for redbolder
[08/07/2018 - Tue - 12:37:51 Asia/Tehran +0430] - Authentication Failed for redbolder
[08/07/2018 - Tue - 12:37:58 Asia/Tehran +0430] - Authentication Failed for redbolder
[08/07/2018 - Tue - 12:38:04 Asia/Tehran +0430] - Authentication Failed for redbolder
[08/07/2018 - Tue - 12:40:05 Asia/Tehran +0430] - Login Was Successful for redbolder
[08/07/2018 - Tue - 12:42:07 Asia/Tehran +0430] - redbolder Logged out FROM Application
[08/07/2018 - Tue - 13:40:05 Asia/Tehran +0430] - Authentication Failed for eilia
[08/07/2018 - Tue - 13:40:10 Asia/Tehran +0430] - Authentication Failed for eilia
[08/07/2018 - Tue - 13:40:17 Asia/Tehran +0430] - Authentication Failed for eilia
[08/14/2018 - Tue - 16:20:40 Asia/Tehran +0430] - Authentication Failed for eilia
[08/14/2018 - Tue - 16:22:27 Asia/Tehran +0430] - Authentication Failed for eilia
[08/14/2018 - Tue - 16:22:32 Asia/Tehran +0430] - Login Was Successful for eilia
[08/14/2018 - Tue - 16:23:03 Asia/Tehran +0430] - Login Was Successful for eilia
[03/23/2019 - Sat - 0:30:22 Asia/Tehran +0430] - Authentication Failed for ilia
[03/23/2019 - Sat - 0:34:38 Asia/Tehran +0430] - Login Was Successful for admin
[05/24/2019 - Fri - 22:21:30 Asia/Tehran +0430] - Authentication Failed for admin
[05/24/2019 - Fri - 22:21:37 Asia/Tehran +0430] - Authentication Failed for admin
